Flutter crash report.
Please report a bug at https://github.com/flutter/flutter/issues.

## command

flutter run -d chrome

## exception

ExistingDartDevelopmentServiceException: DartDevelopmentServiceException: JSON-RPC error 100: Existing VM service clients prevent DDS from taking control.

```
```

## flutter doctor

```
[32m[✓][39m Flutter (Channel stable, 3.32.8, on Microsoft Windows [Version 10.0.19045.6332], locale
    en-US) [7.6s]
    [32m•[39m Flutter version 3.32.8 on channel stable at C:\Users\91848\Desktop\Flutter\flutter
    [32m•[39m Upstream repository https://github.com/flutter/flutter.git
    [32m•[39m Framework revision edada7c56e (8 weeks ago), 2025-07-25 14:08:03 +0000
    [32m•[39m Engine revision ef0cd00091
    [32m•[39m Dart version 3.8.1
    [32m•[39m DevTools version 2.45.1

[32m[✓][39m Windows Version (Windows 10, 22H2, 2009) [25.4s]

[32m[✓][39m Android toolchain - develop for Android devices (Android SDK version 35.0.0) [24.1s]
    [32m•[39m Android SDK at C:\Users\91848\AppData\Local\Android\sdk
    [32m•[39m Platform android-36, build-tools 35.0.0
    [32m•[39m Java binary at: C:\Program Files\Java\jdk-17\bin\java
      This JDK is specified by the JAVA_HOME environment variable.
      To manually set the JDK path, use: `flutter config --jdk-dir="path/to/jdk"`.
    [32m•[39m Java version Java(TM) SE Runtime Environment (build 17.0.12+8-LTS-286)
    [32m•[39m All Android licenses accepted.

[32m[✓][39m Chrome - develop for the web [1,208ms]
    [32m•[39m Chrome at C:\Program Files\Google\Chrome\Application\chrome.exe

[33m[!][39m Visual Studio - develop Windows apps (Visual Studio Build Tools 2019 16.11.42) [1,202ms]
    [32m•[39m Visual Studio at C:\Program Files (x86)\Microsoft Visual Studio\2019\BuildTools
    [32m•[39m Visual Studio Build Tools 2019 version 16.11.35425.106
    [31m✗[39m The current Visual Studio installation is incomplete.
      Please use Visual Studio Installer to complete the installation or reinstall Visual
      Studio.

[33m[!][39m Android Studio (not installed) [37ms]
    [32m•[39m Android Studio not found; download from https://developer.android.com/studio/index.html
      (or visit https://flutter.dev/to/windows-android-setup for detailed instructions).

[32m[✓][39m VS Code (version 1.103.1) [33ms]
    [32m•[39m VS Code at C:\Users\91848\AppData\Local\Programs\Microsoft VS Code
    [32m•[39m Flutter extension version 3.116.0

[32m[✓][39m Connected device (3 available) [1,773ms]
    [32m•[39m Windows (desktop) • windows • windows-x64    • Microsoft Windows [Version
      10.0.19045.6332]
    [32m•[39m Chrome (web)      • chrome  • web-javascript • Google Chrome 140.0.7339.128
    [32m•[39m Edge (web)        • edge    • web-javascript • Microsoft Edge 140.0.3485.66

[32m[✓][39m Network resources [824ms]
    [32m•[39m All expected network resources are available.

[33m![39m Doctor found issues in 2 categories.
```
